<?xml version="1.0" encoding="UTF-8"?>
<testsuite xmlns:xsi="http://www.w3.org/2001/XMLSchema-instance" xsi:noNamespaceSchemaLocation="https://maven.apache.org/surefire/maven-surefire-plugin/xsd/surefire-test-report.xsd" name="prog.unidad04.practica406.libreria.TestAutomovil" time="0.028" tests="24" errors="0" skipped="0" failures="7">
  <properties>
    <property name="java.specification.version" value="23"/>
    <property name="sun.jnu.encoding" value="UTF-8"/>
    <property name="java.class.path" value="/Users/alejomaf/Documents/Github/actividad_4.06_Registra_Vehiculos/actividad_406/target/test-classes:/Users/alejomaf/Documents/Github/actividad_4.06_Registra_Vehiculos/actividad_406/target/classes:/Users/alejomaf/.m2/repository/junit/junit/4.11/junit-4.11.jar:/Users/alejomaf/.m2/repository/org/hamcrest/hamcrest-core/1.3/hamcrest-core-1.3.jar:/Users/alejomaf/.m2/repository/org/junit/jupiter/junit-jupiter/5.10.0/junit-jupiter-5.10.0.jar:/Users/alejomaf/.m2/repository/org/junit/jupiter/junit-jupiter-api/5.10.0/junit-jupiter-api-5.10.0.jar:/Users/alejomaf/.m2/repository/org/opentest4j/opentest4j/1.3.0/opentest4j-1.3.0.jar:/Users/alejomaf/.m2/repository/org/junit/platform/junit-platform-commons/1.10.0/junit-platform-commons-1.10.0.jar:/Users/alejomaf/.m2/repository/org/apiguardian/apiguardian-api/1.1.2/apiguardian-api-1.1.2.jar:/Users/alejomaf/.m2/repository/org/junit/jupiter/junit-jupiter-params/5.10.0/junit-jupiter-params-5.10.0.jar:/Users/alejomaf/.m2/repository/org/junit/jupiter/junit-jupiter-engine/5.10.0/junit-jupiter-engine-5.10.0.jar:/Users/alejomaf/.m2/repository/org/junit/platform/junit-platform-engine/1.10.0/junit-platform-engine-1.10.0.jar:"/>
    <property name="java.vm.vendor" value="Homebrew"/>
    <property name="sun.arch.data.model" value="64"/>
    <property name="java.vendor.url" value="https://github.com/Homebrew/homebrew-core/issues"/>
    <property name="os.name" value="Mac OS X"/>
    <property name="java.vm.specification.version" value="23"/>
    <property name="user.country" value="ES"/>
    <property name="sun.java.launcher" value="SUN_STANDARD"/>
    <property name="sun.boot.library.path" value="/opt/homebrew/Cellar/openjdk/23/libexec/openjdk.jdk/Contents/Home/lib"/>
    <property name="sun.java.command" value="/Users/alejomaf/Documents/Github/actividad_4.06_Registra_Vehiculos/actividad_406/target/surefire/surefirebooter1656929411272154740.jar /Users/alejomaf/Documents/Github/actividad_4.06_Registra_Vehiculos/actividad_406/target/surefire 2024-12-10T14-21-22_946-jvmRun1 surefire2767227599377371965tmp surefire_08398247954121619752tmp"/>
    <property name="http.nonProxyHosts" value="local|*.local|169.254/16|*.169.254/16"/>
    <property name="jdk.debug" value="release"/>
    <property name="test" value="prog.unidad04.practica406.libreria.TestAutomovil"/>
    <property name="surefire.test.class.path" value="/Users/alejomaf/Documents/Github/actividad_4.06_Registra_Vehiculos/actividad_406/target/test-classes:/Users/alejomaf/Documents/Github/actividad_4.06_Registra_Vehiculos/actividad_406/target/classes:/Users/alejomaf/.m2/repository/junit/junit/4.11/junit-4.11.jar:/Users/alejomaf/.m2/repository/org/hamcrest/hamcrest-core/1.3/hamcrest-core-1.3.jar:/Users/alejomaf/.m2/repository/org/junit/jupiter/junit-jupiter/5.10.0/junit-jupiter-5.10.0.jar:/Users/alejomaf/.m2/repository/org/junit/jupiter/junit-jupiter-api/5.10.0/junit-jupiter-api-5.10.0.jar:/Users/alejomaf/.m2/repository/org/opentest4j/opentest4j/1.3.0/opentest4j-1.3.0.jar:/Users/alejomaf/.m2/repository/org/junit/platform/junit-platform-commons/1.10.0/junit-platform-commons-1.10.0.jar:/Users/alejomaf/.m2/repository/org/apiguardian/apiguardian-api/1.1.2/apiguardian-api-1.1.2.jar:/Users/alejomaf/.m2/repository/org/junit/jupiter/junit-jupiter-params/5.10.0/junit-jupiter-params-5.10.0.jar:/Users/alejomaf/.m2/repository/org/junit/jupiter/junit-jupiter-engine/5.10.0/junit-jupiter-engine-5.10.0.jar:/Users/alejomaf/.m2/repository/org/junit/platform/junit-platform-engine/1.10.0/junit-platform-engine-1.10.0.jar:"/>
    <property name="sun.cpu.endian" value="little"/>
    <property name="user.home" value="/Users/alejomaf"/>
    <property name="user.language" value="es"/>
    <property name="java.specification.vendor" value="Oracle Corporation"/>
    <property name="java.version.date" value="2024-09-17"/>
    <property name="java.home" value="/opt/homebrew/Cellar/openjdk/23/libexec/openjdk.jdk/Contents/Home"/>
    <property name="file.separator" value="/"/>
    <property name="basedir" value="/Users/alejomaf/Documents/Github/actividad_4.06_Registra_Vehiculos/actividad_406"/>
    <property name="java.vm.compressedOopsMode" value="Zero based"/>
    <property name="line.separator" value="&#10;"/>
    <property name="java.vm.specification.vendor" value="Oracle Corporation"/>
    <property name="java.specification.name" value="Java Platform API Specification"/>
    <property name="apple.awt.application.name" value="ForkedBooter"/>
    <property name="surefire.real.class.path" value="/Users/alejomaf/Documents/Github/actividad_4.06_Registra_Vehiculos/actividad_406/target/surefire/surefirebooter1656929411272154740.jar"/>
    <property name="sun.management.compiler" value="HotSpot 64-Bit Tiered Compilers"/>
    <property name="ftp.nonProxyHosts" value="local|*.local|169.254/16|*.169.254/16"/>
    <property name="java.runtime.version" value="23"/>
    <property name="user.name" value="alejomaf"/>
    <property name="stdout.encoding" value="UTF-8"/>
    <property name="path.separator" value=":"/>
    <property name="os.version" value="15.1.1"/>
    <property name="java.runtime.name" value="OpenJDK Runtime Environment"/>
    <property name="file.encoding" value="UTF-8"/>
    <property name="java.vm.name" value="OpenJDK 64-Bit Server VM"/>
    <property name="java.vendor.version" value="Homebrew"/>
    <property name="maven.ext.class.path" value="/Users/alejomaf/.vscode/extensions/oracle.oracle-java-23.0.1/nbcode/java/maven-nblib/netbeans-eventspy.jar"/>
    <property name="localRepository" value="/Users/alejomaf/.m2/repository"/>
    <property name="java.vendor.url.bug" value="https://github.com/Homebrew/homebrew-core/issues"/>
    <property name="java.io.tmpdir" value="/var/folders/wh/qs84b58x3z31j7wgrp0xdtmh0000gn/T/"/>
    <property name="java.version" value="23"/>
    <property name="user.dir" value="/Users/alejomaf/Documents/Github/actividad_4.06_Registra_Vehiculos/actividad_406"/>
    <property name="os.arch" value="aarch64"/>
    <property name="java.vm.specification.name" value="Java Virtual Machine Specification"/>
    <property name="native.encoding" value="UTF-8"/>
    <property name="java.library.path" value="/Users/alejomaf/Library/Java/Extensions:/Library/Java/Extensions:/Network/Library/Java/Extensions:/System/Library/Java/Extensions:/usr/lib/java:."/>
    <property name="java.vm.info" value="mixed mode, sharing"/>
    <property name="stderr.encoding" value="UTF-8"/>
    <property name="java.vendor" value="Homebrew"/>
    <property name="java.vm.version" value="23"/>
    <property name="sun.io.unicode.encoding" value="UnicodeBig"/>
    <property name="socksNonProxyHosts" value="local|*.local|169.254/16|*.169.254/16"/>
    <property name="java.class.version" value="67.0"/>
  </properties>
  <testcase name="testAutomovilMatriculaLetraNoValida2" classname="prog.unidad04.practica406.libreria.TestAutomovil" time="0.01">
    <failure message="Expected java.lang.IllegalArgumentException to be thrown, but nothing was thrown." type="org.opentest4j.AssertionFailedError">org.opentest4j.AssertionFailedError: Expected java.lang.IllegalArgumentException to be thrown, but nothing was thrown.
	at prog.unidad04.practica406.libreria.TestAutomovil.testAutomovilMatriculaLetraNoValida2(TestAutomovil.java:88)
</failure>
  </testcase>
  <testcase name="testAutomovilTodoCorrecto" classname="prog.unidad04.practica406.libreria.TestAutomovil" time="0.001"/>
  <testcase name="testAutomovilPlazasNoValidas" classname="prog.unidad04.practica406.libreria.TestAutomovil" time="0">
    <failure message="Expected java.lang.IllegalArgumentException to be thrown, but nothing was thrown." type="org.opentest4j.AssertionFailedError">org.opentest4j.AssertionFailedError: Expected java.lang.IllegalArgumentException to be thrown, but nothing was thrown.
	at prog.unidad04.practica406.libreria.TestAutomovil.testAutomovilPlazasNoValidas(TestAutomovil.java:116)
</failure>
  </testcase>
  <testcase name="testAutomovilGetFechaCorrecto" classname="prog.unidad04.practica406.libreria.TestAutomovil" time="0.002"/>
  <testcase name="testAutomovilDistintitivoCero" classname="prog.unidad04.practica406.libreria.TestAutomovil" time="0.001"/>
  <testcase name="testAutomovilDistintitivoEco1" classname="prog.unidad04.practica406.libreria.TestAutomovil" time="0"/>
  <testcase name="testAutomovilDistintitivoEco2" classname="prog.unidad04.practica406.libreria.TestAutomovil" time="0.001"/>
  <testcase name="testAutomovilMatriculaSobranNumeros" classname="prog.unidad04.practica406.libreria.TestAutomovil" time="0"/>
  <testcase name="testAutomovilDistintitivoB" classname="prog.unidad04.practica406.libreria.TestAutomovil" time="0"/>
  <testcase name="testAutomovilMatriculaSobranLetras" classname="prog.unidad04.practica406.libreria.TestAutomovil" time="0.001"/>
  <testcase name="testAutomovilGetPlazasCorrecto" classname="prog.unidad04.practica406.libreria.TestAutomovil" time="0"/>
  <testcase name="testAutomovilGetColorCorrecto" classname="prog.unidad04.practica406.libreria.TestAutomovil" time="0.001"/>
  <testcase name="testAutomovilMatriculaFaltanNumeros" classname="prog.unidad04.practica406.libreria.TestAutomovil" time="0"/>
  <testcase name="testAutomovilaFechaNull" classname="prog.unidad04.practica406.libreria.TestAutomovil" time="0.002">
    <failure message="Expected java.lang.NullPointerException to be thrown, but nothing was thrown." type="org.opentest4j.AssertionFailedError">org.opentest4j.AssertionFailedError: Expected java.lang.NullPointerException to be thrown, but nothing was thrown.
	at prog.unidad04.practica406.libreria.TestAutomovil.testAutomovilaFechaNull(TestAutomovil.java:95)
</failure>
  </testcase>
  <testcase name="testAutomovilMatriculaLetraNoValida" classname="prog.unidad04.practica406.libreria.TestAutomovil" time="0.002">
    <failure message="Expected java.lang.IllegalArgumentException to be thrown, but nothing was thrown." type="org.opentest4j.AssertionFailedError">org.opentest4j.AssertionFailedError: Expected java.lang.IllegalArgumentException to be thrown, but nothing was thrown.
	at prog.unidad04.practica406.libreria.TestAutomovil.testAutomovilMatriculaLetraNoValida(TestAutomovil.java:79)
</failure>
  </testcase>
  <testcase name="testAutomovilMatriculaFaltanLetras" classname="prog.unidad04.practica406.libreria.TestAutomovil" time="0"/>
  <testcase name="testAutomovilMatriculaVariosEspacios" classname="prog.unidad04.practica406.libreria.TestAutomovil" time="0"/>
  <testcase name="testAutomovilMatriculaNumeroIncorrecto" classname="prog.unidad04.practica406.libreria.TestAutomovil" time="0">
    <failure message="Expected java.lang.IllegalArgumentException to be thrown, but nothing was thrown." type="org.opentest4j.AssertionFailedError">org.opentest4j.AssertionFailedError: Expected java.lang.IllegalArgumentException to be thrown, but nothing was thrown.
	at prog.unidad04.practica406.libreria.TestAutomovil.testAutomovilMatriculaNumeroIncorrecto(TestAutomovil.java:55)
</failure>
  </testcase>
  <testcase name="testAutomovilColorNull" classname="prog.unidad04.practica406.libreria.TestAutomovil" time="0">
    <failure message="Expected java.lang.NullPointerException to be thrown, but nothing was thrown." type="org.opentest4j.AssertionFailedError">org.opentest4j.AssertionFailedError: Expected java.lang.NullPointerException to be thrown, but nothing was thrown.
	at prog.unidad04.practica406.libreria.TestAutomovil.testAutomovilColorNull(TestAutomovil.java:102)
</failure>
  </testcase>
  <testcase name="testAutomovilMatriculaSinEspacios" classname="prog.unidad04.practica406.libreria.TestAutomovil" time="0"/>
  <testcase name="testAutomovilColorNoValido" classname="prog.unidad04.practica406.libreria.TestAutomovil" time="0">
    <failure message="Expected java.lang.IllegalArgumentException to be thrown, but nothing was thrown." type="org.opentest4j.AssertionFailedError">org.opentest4j.AssertionFailedError: Expected java.lang.IllegalArgumentException to be thrown, but nothing was thrown.
	at prog.unidad04.practica406.libreria.TestAutomovil.testAutomovilColorNoValido(TestAutomovil.java:109)
</failure>
  </testcase>
  <testcase name="testAutomovilDistintitivoA1" classname="prog.unidad04.practica406.libreria.TestAutomovil" time="0"/>
  <testcase name="testAutomovilDistintitivoA2" classname="prog.unidad04.practica406.libreria.TestAutomovil" time="0"/>
  <testcase name="testAutomovilGetMatriculaCorrecto" classname="prog.unidad04.practica406.libreria.TestAutomovil" time="0"/>
</testsuite>